<?xml version="1.0" encoding="utf-8"?>
<coverage line-rate="0.2685" branch-rate="0.5875" version="1.9" timestamp="1779037743" lines-covered="1021" lines-valid="3802" branches-covered="47" branches-valid="80">
  <sources>
    <source>D:\New folder\GameStore\backend\</source>
  </sources>
  <packages>
    <package name="GameStore.Api" line-rate="0.8142" branch-rate="0.6714" complexity="152">
      <classes>
        <class name="Program/&lt;&lt;Main&gt;$&gt;d__0" filename="GameStore.Api\Program.cs" line-rate="0.8" branch-rate="0.6363" complexity="22">
          <methods>
            <method name="MoveNext" signature="()" line-rate="0.8" branch-rate="0.6363" complexity="22">
              <lines>
                <line number="23" hits="9" branch="False" />
                <line number="24" hits="9" branch="False" />
                <line number="25" hits="9" branch="False" />
                <line number="26" hits="9" branch="False" />
                <line number="27" hits="9" branch="False" />
                <line number="28" hits="9" branch="False" />
                <line number="29" hits="9" branch="False" />
                <line number="31" hits="9" branch="False" />
                <line number="32" hits="9" branch="False" />
                <line number="34" hits="9" branch="False" />
                <line number="50" hits="9" branch="False" />
                <line number="51" hits="9" branch="False" />
                <line number="55" hits="9" branch="False" />
                <line number="56" hits="9" branch="False" />
                <line number="64" hits="9" branch="True" condition-coverage="100% (2/2)">
                  <conditions>
                    <condition number="320" type="jump" coverage="100%" />
                  </conditions>
                </line>
                <line number="65" hits="9" branch="False" />
                <line number="66" hits="9" branch="False" />
                <line number="67" hits="9" branch="False" />
                <line number="68" hits="9" branch="False" />
                <line number="77" hits="9" branch="False" />
                <line number="78" hits="9" branch="False" />
                <line number="79" hits="9" branch="False" />
                <line number="80" hits="9" branch="False" />
                <line number="81" hits="9" branch="False" />
                <line number="84" hits="9" branch="False" />
                <line number="85" hits="0" branch="False" />
                <line number="86" hits="0" branch="True" condition-coverage="0% (0/2)">
                  <conditions>
                    <condition number="17" type="jump" coverage="0%" />
                  </conditions>
                </line>
                <line number="87" hits="0" branch="False" />
                <line number="88" hits="9" branch="False" />
                <line number="89" hits="9" branch="False" />
                <line number="90" hits="9" branch="False" />
                <line number="91" hits="9" branch="False" />
                <line number="94" hits="9" branch="False" />
                <line number="95" hits="9" branch="False" />
                <line number="96" hits="18" branch="False" />
                <line number="97" hits="18" branch="False" />
                <line number="98" hits="18" branch="False" />
                <line number="99" hits="18" branch="False" />
                <line number="100" hits="18" branch="False" />
                <line number="101" hits="18" branch="False" />
                <line number="102" hits="9" branch="False" />
                <line number="103" hits="18" branch="False" />
                <line number="104" hits="18" branch="False" />
                <line number="105" hits="18" branch="False" />
                <line number="106" hits="9" branch="False" />
                <line number="107" hits="18" branch="False" />
                <line number="108" hits="18" branch="False" />
                <line number="109" hits="9" branch="False" />
                <line number="110" hits="9" branch="False" />
                <line number="112" hits="9" branch="False" />
                <line number="113" hits="18" branch="False" />
                <line number="114" hits="18" branch="False" />
                <line number="115" hits="18" branch="False" />
                <line number="116" hits="18" branch="False" />
                <line number="117" hits="18" branch="False" />
                <line number="118" hits="18" branch="False" />
                <line number="119" hits="9" branch="False" />
                <line number="120" hits="18" branch="False" />
                <line number="121" hits="18" branch="False" />
                <line number="122" hits="18" branch="False" />
                <line number="123" hits="27" branch="False" />
                <line number="125" hits="9" branch="False" />
                <line number="126" hits="9" branch="False" />
                <line number="128" hits="9" branch="False" />
                <line number="129" hits="9" branch="False" />
                <line number="131" hits="9" branch="False" />
                <line number="132" hits="9" branch="False" />
                <line number="133" hits="9" branch="False" />
                <line number="134" hits="9" branch="False" />
                <line number="135" hits="9" branch="False" />
                <line number="136" hits="18" branch="False" />
                <line number="147" hits="9" branch="False" />
                <line number="148" hits="9" branch="False" />
                <line number="149" hits="9" branch="False" />
                <line number="150" hits="9" branch="False" />
                <line number="151" hits="9" branch="False" />
                <line number="152" hits="9" branch="False" />
                <line number="153" hits="9" branch="False" />
                <line number="154" hits="9" branch="False" />
                <line number="155" hits="9" branch="False" />
                <line number="156" hits="9" branch="False" />
                <line number="157" hits="9" branch="False" />
                <line number="158" hits="9" branch="False" />
                <line number="159" hits="9" branch="False" />
                <line number="160" hits="9" branch="False" />
                <line number="161" hits="9" branch="False" />
                <line number="162" hits="9" branch="False" />
                <line number="163" hits="9" branch="False" />
                <line number="164" hits="9" branch="False" />
                <line number="165" hits="9" branch="False" />
                <line number="166" hits="9" branch="False" />
                <line number="167" hits="9" branch="False" />
                <line number="168" hits="9" branch="False" />
                <line number="169" hits="9" branch="False" />
                <line number="170" hits="9" branch="False" />
                <line number="171" hits="9" branch="False" />
                <line number="172" hits="9" branch="False" />
                <line number="173" hits="9" branch="False" />
                <line number="174" hits="9" branch="False" />
                <line number="175" hits="9" branch="False" />
                <line number="176" hits="9" branch="False" />
                <line number="177" hits="9" branch="False" />
                <line number="178" hits="9" branch="False" />
                <line number="179" hits="9" branch="False" />
                <line number="180" hits="9" branch="False" />
                <line number="181" hits="9" branch="False" />
                <line number="182" hits="66" branch="False" />
                <line number="183" hits="66" branch="False" />
                <line number="184" hits="66" branch="False" />
                <line number="185" hits="66" branch="False" />
                <line number="186" hits="66" branch="False" />
                <line number="187" hits="9" branch="False" />
                <line number="188" hits="66" branch="False" />
                <line number="189" hits="66" branch="False" />
                <line number="190" hits="9" branch="False" />
                <line number="191" hits="66" branch="True" condition-coverage="100% (2/2)">
                  <conditions>
                    <condition number="67" type="jump" coverage="100%" />
                  </conditions>
                </line>
                <line number="192" hits="32" branch="False" />
                <line number="193" hits="32" branch="False" />
                <line number="194" hits="32" branch="False" />
                <line number="195" hits="32" branch="False" />
                <line number="196" hits="32" branch="False" />
                <line number="197" hits="32" branch="False" />
                <line number="198" hits="9" branch="False" />
                <line number="199" hits="34" branch="False" />
                <line number="200" hits="34" branch="False" />
                <line number="201" hits="34" branch="False" />
                <line number="202" hits="34" branch="False" />
                <line number="203" hits="9" branch="False" />
                <line number="204" hits="34" branch="False" />
                <line number="205" hits="34" branch="False" />
                <line number="206" hits="34" branch="False" />
                <line number="207" hits="34" branch="False" />
                <line number="208" hits="34" branch="False" />
                <line number="209" hits="34" branch="False" />
                <line number="210" hits="34" branch="False" />
                <line number="211" hits="34" branch="False" />
                <line number="212" hits="34" branch="False" />
                <line number="213" hits="34" branch="False" />
                <line number="214" hits="9" branch="False" />
                <line number="215" hits="66" branch="False" />
                <line number="216" hits="66" branch="False" />
                <line number="217" hits="9" branch="False" />
                <line number="218" hits="0" branch="False" />
                <line number="219" hits="0" branch="False" />
                <line number="220" hits="0" branch="False" />
                <line number="221" hits="0" branch="False" />
                <line number="222" hits="0" branch="False" />
                <line number="223" hits="9" branch="False" />
                <line number="224" hits="0" branch="False" />
                <line number="225" hits="0" branch="False" />
                <line number="226" hits="0" branch="False" />
                <line number="227" hits="0" branch="False" />
                <line number="228" hits="0" branch="False" />
                <line number="229" hits="9" branch="False" />
                <line number="230" hits="0" branch="False" />
                <line number="231" hits="0" branch="False" />
                <line number="232" hits="9" branch="False" />
                <line number="233" hits="3" branch="False" />
                <line number="234" hits="3" branch="False" />
                <line number="235" hits="3" branch="False" />
                <line number="236" hits="3" branch="False" />
                <line number="237" hits="3" branch="False" />
                <line number="238" hits="9" branch="False" />
                <line number="239" hits="3" branch="True" condition-coverage="50% (2/4)">
                  <conditions>
                    <condition number="39" type="jump" coverage="50%" />
                    <condition number="60" type="jump" coverage="50%" />
                  </conditions>
                </line>
                <line number="240" hits="3" branch="False" />
                <line number="241" hits="0" branch="False" />
                <line number="242" hits="0" branch="False" />
                <line number="243" hits="0" branch="False" />
                <line number="244" hits="0" branch="False" />
                <line number="245" hits="0" branch="False" />
                <line number="246" hits="0" branch="False" />
                <line number="247" hits="0" branch="False" />
                <line number="248" hits="0" branch="False" />
                <line number="249" hits="9" branch="False" />
                <line number="250" hits="3" branch="False" />
                <line number="251" hits="3" branch="False" />
                <line number="252" hits="9" branch="False" />
                <line number="253" hits="18" branch="False" />
                <line number="255" hits="9" branch="False" />
                <line number="257" hits="9" branch="False" />
                <line number="258" hits="9" branch="False" />
                <line number="259" hits="9" branch="False" />
                <line number="260" hits="9" branch="False" />
                <line number="261" hits="9" branch="False" />
                <line number="262" hits="9" branch="False" />
                <line number="263" hits="9" branch="False" />
                <line number="264" hits="9" branch="False" />
                <line number="265" hits="9" branch="False" />
                <line number="266" hits="9" branch="False" />
                <line number="267" hits="9" branch="False" />
                <line number="268" hits="9" branch="False" />
                <line number="269" hits="18" branch="False" />
                <line number="270" hits="18" branch="False" />
                <line number="272" hits="9" branch="False" />
                <line number="273" hits="9" branch="False" />
                <line number="274" hits="9" branch="False" />
                <line number="275" hits="9" branch="False" />
                <line number="276" hits="0" branch="False" />
                <line number="277" hits="0" branch="False" />
                <line number="278" hits="0" branch="False" />
                <line number="279" hits="0" branch="False" />
                <line number="280" hits="0" branch="False" />
                <line number="281" hits="0" branch="False" />
                <line number="282" hits="0" branch="False" />
                <line number="283" hits="9" branch="False" />
                <line number="284" hits="0" branch="False" />
                <line number="285" hits="9" branch="False" />
                <line number="286" hits="18" branch="False" />
                <line number="288" hits="9" branch="False" />
                <line number="289" hits="9" branch="False" />
                <line number="290" hits="9" branch="True" condition-coverage="100% (2/2)">
                  <conditions>
                    <condition number="9" type="jump" coverage="100%" />
                  </conditions>
                </line>
                <line number="291" hits="14" branch="False" />
                <line number="292" hits="9" branch="False" />
                <line number="293" hits="9" branch="False" />
                <line number="294" hits="13" branch="False" />
                <line number="295" hits="13" branch="False" />
                <line number="296" hits="13" branch="False" />
                <line number="297" hits="13" branch="False" />
                <line number="298" hits="13" branch="False" />
                <line number="299" hits="9" branch="False" />
                <line number="300" hits="9" branch="False" />
                <line number="301" hits="10" branch="False" />
                <line number="302" hits="10" branch="False" />
                <line number="303" hits="10" branch="False" />
                <line number="304" hits="10" branch="False" />
                <line number="305" hits="10" branch="False" />
                <line number="306" hits="9" branch="False" />
                <line number="307" hits="9" branch="True" condition-coverage="100% (2/2)">
                  <conditions>
                    <condition number="123" type="jump" coverage="100%" />
                  </conditions>
                </line>
                <line number="308" hits="0" branch="False" />
                <line number="309" hits="0" branch="False" />
                <line number="310" hits="9" branch="False" />
                <line number="311" hits="0" branch="True" condition-coverage="0% (0/2)">
                  <conditions>
                    <condition number="52" type="jump" coverage="0%" />
                  </conditions>
                </line>
                <line number="312" hits="0" branch="False" />
                <line number="313" hits="0" branch="False" />
                <line number="314" hits="0" branch="False" />
                <line number="315" hits="0" branch="False" />
                <line number="316" hits="0" branch="False" />
                <line number="317" hits="0" branch="False" />
                <line number="318" hits="0" branch="False" />
                <line number="319" hits="9" branch="False" />
                <line number="320" hits="18" branch="False" />
                <line number="322" hits="9" branch="False" />
                <line number="323" hits="9" branch="False" />
                <line number="324" hits="9" branch="False" />
                <line number="325" hits="9" branch="False" />
                <line number="326" hits="9" branch="False" />
                <line number="327" hits="9" branch="False" />
                <line number="328" hits="9" branch="False" />
                <line number="329" hits="18" branch="False" />
                <line number="330" hits="18" branch="False" />
                <line number="332" hits="9" branch="False" />
                <line number="334" hits="9" branch="False" />
                <line number="336" hits="9" branch="False" />
                <line number="338" hits="9" branch="False" />
                <line number="340" hits="9" branch="False" />
                <line number="341" hits="0" branch="False" />
                <line number="342" hits="0" branch="False" />
                <line number="343" hits="9" branch="False" />
                <line number="345" hits="9" branch="False" />
                <line number="349" hits="9" branch="False" />
                <line number="350" hits="9" branch="False" />
                <line number="351" hits="9" branch="False" />
                <line number="353" hits="9" branch="False" />
                <line number="354" hits="9" branch="False" />
                <line number="355" hits="9" branch="False" />
                <line number="356" hits="9" branch="False" />
                <line number="357" hits="9" branch="False" />
                <line number="359" hits="9" branch="False" />
                <line number="360" hits="9" branch="False" />
                <line number="361" hits="9" branch="False" />
                <line number="362" hits="9" branch="False" />
                <line number="363" hits="9" branch="False" />
                <line number="365" hits="9" branch="False" />
                <line number="366" hits="9" branch="False" />
                <line number="367" hits="34" branch="False" />
                <line number="368" hits="34" branch="False" />
                <line number="369" hits="34" branch="False" />
                <line number="370" hits="34" branch="False" />
                <line number="371" hits="9" branch="False" />
                <line number="372" hits="34" branch="False" />
                <line number="373" hits="34" branch="False" />
                <line number="374" hits="34" branch="False" />
                <line number="375" hits="34" branch="False" />
                <line number="376" hits="34" branch="False" />
                <line number="377" hits="43" branch="False" />
                <line number="379" hits="9" branch="True" condition-coverage="50% (1/2)">
                  <conditions>
                    <condition number="1272" type="jump" coverage="50%" />
                  </conditions>
                </line>
                <line number="380" hits="0" branch="False" />
                <line number="381" hits="0" branch="False" />
                <line number="383" hits="0" branch="False" />
                <line number="384" hits="0" branch="False" />
                <line number="385" hits="0" branch="False" />
                <line number="386" hits="0" branch="False" />
                <line number="387" hits="0" branch="False" />
                <line number="388" hits="0" branch="False" />
                <line number="390" hits="9" branch="False" />
                <line number="391" hits="9" branch="False" />
                <line number="392" hits="9" branch="False" />
                <line number="393" hits="0" branch="False" />
                <line number="394" hits="0" branch="False" />
                <line number="395" hits="0" branch="False" />
                <line number="396" hits="9" branch="False" />
                <line number="397" hits="18" branch="False" />
                <line number="399" hits="9" branch="False" />
                <line number="401" hits="9" branch="False" />
                <line number="403" hits="9" branch="False" />
                <line number="404" hits="9" branch="False" />
                <line number="405" hits="9" branch="False" />
                <line number="406" hits="66" branch="False" />
                <line number="407" hits="66" branch="False" />
                <line number="408" hits="66" branch="False" />
                <line number="409" hits="66" branch="False" />
                <line number="410" hits="75" branch="False" />
                <line number="411" hits="18" branch="False" />
                <line number="413" hits="9" branch="False" />
                <line number="415" hits="9" branch="True" condition-coverage="100% (2/2)">
                  <conditions>
                    <condition number="1527" type="jump" coverage="100%" />
                  </conditions>
                </line>
                <line number="416" hits="9" branch="False" />
                <line number="417" hits="9" branch="False" />
                <line number="418" hits="9" branch="False" />
                <line number="420" hits="9" branch="False" />
                <line number="422" hits="9" branch="False" />
                <line number="424" hits="9" branch="False" />
                <line number="426" hits="9" branch="False" />
                <line number="429" hits="9" branch="False" />
                <line number="431" hits="9" branch="False" />
                <line number="436" hits="9" branch="True" condition-coverage="50% (1/2)">
                  <conditions>
                    <condition number="1678" type="jump" coverage="50%" />
                  </conditions>
                </line>
                <line number="437" hits="0" branch="False" />
                <line number="438" hits="0" branch="False" />
                <line number="439" hits="0" branch="False" />
                <line number="441" hits="0" branch="False" />
                <line number="442" hits="0" branch="False" />
                <line number="444" hits="0" branch="False" />
                <line number="446" hits="0" branch="False" />
                <line number="447" hits="0" branch="False" />
                <line number="449" hits="0" branch="False" />
                <line number="450" hits="0" branch="False" />
                <line number="452" hits="0" branch="False" />
                <line number="453" hits="0" branch="False" />
                <line number="454" hits="0" branch="False" />
                <line number="455" hits="0" branch="False" />
                <line number="457" hits="9" branch="False" />
              </lines>
            </method>
          </methods>
          <lines>
            <line number="23" hits="9" branch="False" />
            <line number="24" hits="9" branch="False" />
            <line number="25" hits="9" branch="False" />
            <line number="26" hits="9" branch="False" />
            <line number="27" hits="9" branch="False" />
            <line number="28" hits="9" branch="False" />
            <line number="29" hits="9" branch="False" />
            <line number="31" hits="9" branch="False" />
            <line number="32" hits="9" branch="False" />
            <line number="34" hits="9" branch="False" />
            <line number="50" hits="9" branch="False" />
            <line number="51" hits="9" branch="False" />
            <line number="55" hits="9" branch="False" />
            <line number="56" hits="9" branch="False" />
            <line number="64" hits="9" branch="True" condition-coverage="100% (2/2)">
              <conditions>
                <condition number="320" type="jump" coverage="100%" />
              </conditions>
            </line>
            <line number="65" hits="9" branch="False" />
            <line number="66" hits="9" branch="False" />
            <line number="67" hits="9" branch="False" />
            <line number="68" hits="9" branch="False" />
            <line number="77" hits="9" branch="False" />
            <line number="78" hits="9" branch="False" />
            <line number="79" hits="9" branch="False" />
            <line number="80" hits="9" branch="False" />
            <line number="81" hits="9" branch="False" />
            <line number="84" hits="9" branch="False" />
            <line number="85" hits="0" branch="False" />
            <line number="86" hits="0" branch="True" condition-coverage="0% (0/2)">
              <conditions>
                <condition number="17" type="jump" coverage="0%" />
              </conditions>
            </line>
            <line number="87" hits="0" branch="False" />
            <line number="88" hits="9" branch="False" />
            <line number="89" hits="9" branch="False" />
            <line number="90" hits="9" branch="False" />
            <line number="91" hits="9" branch="False" />
            <line number="94" hits="9" branch="False" />
            <line number="95" hits="9" branch="False" />
            <line number="96" hits="18" branch="False" />
            <line number="97" hits="18" branch="False" />
            <line number="98" hits="18" branch="False" />
            <line number="99" hits="18" branch="False" />
            <line number="100" hits="18" branch="False" />
            <line number="101" hits="18" branch="False" />
            <line number="102" hits="9" branch="False" />
            <line number="103" hits="18" branch="False" />
            <line number="104" hits="18" branch="False" />
            <line number="105" hits="18" branch="False" />
            <line number="106" hits="9" branch="False" />
            <line number="107" hits="18" branch="False" />
            <line number="108" hits="18" branch="False" />
            <line number="109" hits="9" branch="False" />
            <line number="110" hits="9" branch="False" />
            <line number="112" hits="9" branch="False" />
            <line number="113" hits="18" branch="False" />
            <line number="114" hits="18" branch="False" />
            <line number="115" hits="18" branch="False" />
            <line number="116" hits="18" branch="False" />
            <line number="117" hits="18" branch="False" />
            <line number="118" hits="18" branch="False" />
            <line number="119" hits="9" branch="False" />
            <line number="120" hits="18" branch="False" />
            <line number="121" hits="18" branch="False" />
            <line number="122" hits="18" branch="False" />
            <line number="123" hits="27" branch="False" />
            <line number="125" hits="9" branch="False" />
            <line number="126" hits="9" branch="False" />
            <line number="128" hits="9" branch="False" />
            <line number="129" hits="9" branch="False" />
            <line number="131" hits="9" branch="False" />
            <line number="132" hits="9" branch="False" />
            <line number="133" hits="9" branch="False" />
            <line number="134" hits="9" branch="False" />
            <line number="135" hits="9" branch="False" />
            <line number="136" hits="18" branch="False" />
            <line number="147" hits="9" branch="False" />
            <line number="148" hits="9" branch="False" />
            <line number="149" hits="9" branch="False" />
            <line number="150" hits="9" branch="False" />
            <line number="151" hits="9" branch="False" />
            <line number="152" hits="9" branch="False" />
            <line number="153" hits="9" branch="False" />
            <line number="154" hits="9" branch="False" />
            <line number="155" hits="9" branch="False" />
            <line number="156" hits="9" branch="False" />
            <line number="157" hits="9" branch="False" />
            <line number="158" hits="9" branch="False" />
            <line number="159" hits="9" branch="False" />
            <line number="160" hits="9" branch="False" />
            <line number="161" hits="9" branch="False" />
            <line number="162" hits="9" branch="False" />
            <line number="163" hits="9" branch="False" />
            <line number="164" hits="9" branch="False" />
            <line number="165" hits="9" branch="False" />
            <line number="166" hits="9" branch="False" />
            <line number="167" hits="9" branch="False" />
            <line number="168" hits="9" branch="False" />
            <line number="169" hits="9" branch="False" />
            <line number="170" hits="9" branch="False" />
            <line number="171" hits="9" branch="False" />
            <line number="172" hits="9" branch="False" />
            <line number="173" hits="9" branch="False" />
            <line number="174" hits="9" branch="False" />
            <line number="175" hits="9" branch="False" />
            <line number="176" hits="9" branch="False" />
            <line number="177" hits="9" branch="False" />
            <line number="178" hits="9" branch="False" />
            <line number="179" hits="9" branch="False" />
            <line number="180" hits="9" branch="False" />
            <line number="181" hits="9" branch="False" />
            <line number="182" hits="66" branch="False" />
            <line number="183" hits="66" branch="False" />
            <line number="184" hits="66" branch="False" />
            <line number="185" hits="66" branch="False" />
            <line number="186" hits="66" branch="False" />
            <line number="187" hits="9" branch="False" />
            <line number="188" hits="66" branch="False" />
            <line number="189" hits="66" branch="False" />
            <line number="190" hits="9" branch="False" />
            <line number="191" hits="66" branch="True" condition-coverage="100% (2/2)">
              <conditions>
                <condition number="67" type="jump" coverage="100%" />
              </conditions>
            </line>
            <line number="192" hits="32" branch="False" />
            <line number="193" hits="32" branch="False" />
            <line number="194" hits="32" branch="False" />
            <line number="195" hits="32" branch="False" />
            <line number="196" hits="32" branch="False" />
            <line number="197" hits="32" branch="False" />
            <line number="198" hits="9" branch="False" />
            <line number="199" hits="34" branch="False" />
            <line number="200" hits="34" branch="False" />
            <line number="201" hits="34" branch="False" />
            <line number="202" hits="34" branch="False" />
            <line number="203" hits="9" branch="False" />
            <line number="204" hits="34" branch="False" />
            <line number="205" hits="34" branch="False" />
            <line number="206" hits="34" branch="False" />
            <line number="207" hits="34" branch="False" />
            <line number="208" hits="34" branch="False" />
            <line number="209" hits="34" branch="False" />
            <line number="210" hits="34" branch="False" />
            <line number="211" hits="34" branch="False" />
            <line number="212" hits="34" branch="False" />
            <line number="213" hits="34" branch="False" />
            <line number="214" hits="9" branch="False" />
            <line number="215" hits="66" branch="False" />
            <line number="216" hits="66" branch="False" />
            <line number="217" hits="9" branch="False" />
            <line number="218" hits="0" branch="False" />
            <line number="219" hits="0" branch="False" />
            <line number="220" hits="0" branch="False" />
            <line number="221" hits="0" branch="False" />
            <line number="222" hits="0" branch="False" />
            <line number="223" hits="9" branch="False" />
            <line number="224" hits="0" branch="False" />
            <line number="225" hits="0" branch="False" />
            <line number="226" hits="0" branch="False" />
            <line number="227" hits="0" branch="False" />
            <line number="228" hits="0" branch="False" />
            <line number="229" hits="9" branch="False" />
            <line number="230" hits="0" branch="False" />
            <line number="231" hits="0" branch="False" />
            <line number="232" hits="9" branch="False" />
            <line number="233" hits="3" branch="False" />
            <line number="234" hits="3" branch="False" />
            <line number="235" hits="3" branch="False" />
            <line number="236" hits="3" branch="False" />
            <line number="237" hits="3" branch="False" />
            <line number="238" hits="9" branch="False" />
            <line number="239" hits="3" branch="True" condition-coverage="50% (2/4)">
              <conditions>
                <condition number="39" type="jump" coverage="50%" />
                <condition number="60" type="jump" coverage="50%" />
              </conditions>
            </line>
            <line number="240" hits="3" branch="False" />
            <line number="241" hits="0" branch="False" />
            <line number="242" hits="0" branch="False" />
            <line number="243" hits="0" branch="False" />
            <line number="244" hits="0" branch="False" />
            <line number="245" hits="0" branch="False" />
            <line number="246" hits="0" branch="False" />
            <line number="247" hits="0" branch="False" />
            <line number="248" hits="0" branch="False" />
            <line number="249" hits="9" branch="False" />
            <line number="250" hits="3" branch="False" />
            <line number="251" hits="3" branch="False" />
            <line number="252" hits="9" branch="False" />
            <line number="253" hits="18" branch="False" />
            <line number="255" hits="9" branch="False" />
            <line number="257" hits="9" branch="False" />
            <line number="258" hits="9" branch="False" />
            <line number="259" hits="9" branch="False" />
            <line number="260" hits="9" branch="False" />
            <line number="261" hits="9" branch="False" />
            <line number="262" hits="9" branch="False" />
            <line number="263" hits="9" branch="False" />
            <line number="264" hits="9" branch="False" />
            <line number="265" hits="9" branch="False" />
            <line number="266" hits="9" branch="False" />
            <line number="267" hits="9" branch="False" />
            <line number="268" hits="9" branch="False" />
            <line number="269" hits="18" branch="False" />
            <line number="270" hits="18" branch="False" />
            <line number="272" hits="9" branch="False" />
            <line number="273" hits="9" branch="False" />
            <line number="274" hits="9" branch="False" />
            <line number="275" hits="9" branch="False" />
            <line number="276" hits="0" branch="False" />
            <line number="277" hits="0" branch="False" />
            <line number="278" hits="0" branch="False" />
            <line number="279" hits="0" branch="False" />
            <line number="280" hits="0" branch="False" />
            <line number="281" hits="0" branch="False" />
            <line number="282" hits="0" branch="False" />
            <line number="283" hits="9" branch="False" />
            <line number="284" hits="0" branch="False" />
            <line number="285" hits="9" branch="False" />
            <line number="286" hits="18" branch="False" />
            <line number="288" hits="9" branch="False" />
            <line number="289" hits="9" branch="False" />
            <line number="290" hits="9" branch="True" condition-coverage="100% (2/2)">
              <conditions>
                <condition number="9" type="jump" coverage="100%" />
              </conditions>
            </line>
            <line number="291" hits="14" branch="False" />
            <line number="292" hits="9" branch="False" />
            <line number="293" hits="9" branch="False" />
            <line number="294" hits="13" branch="False" />
            <line number="295" hits="13" branch="False" />
            <line number="296" hits="13" branch="False" />
            <line number="297" hits="13" branch="False" />
            <line number="298" hits="13" branch="False" />
            <line number="299" hits="9" branch="False" />
            <line number="300" hits="9" branch="False" />
            <line number="301" hits="10" branch="False" />
            <line number="302" hits="10" branch="False" />
            <line number="303" hits="10" branch="False" />
            <line number="304" hits="10" branch="False" />
            <line number="305" hits="10" branch="False" />
            <line number="306" hits="9" branch="False" />
            <line number="307" hits="9" branch="True" condition-coverage="100% (2/2)">
              <conditions>
                <condition number="123" type="jump" coverage="100%" />
              </conditions>
            </line>
            <line number="308" hits="0" branch="False" />
            <line number="309" hits="0" branch="False" />
            <line number="310" hits="9" branch="False" />
            <line number="311" hits="0" branch="True" condition-coverage="0% (0/2)">
              <conditions>
                <condition number="52" type="jump" coverage="0%" />
              </conditions>
            </line>
            <line number="312" hits="0" branch="False" />
            <line number="313" hits="0" branch="False" />
            <line number="314" hits="0" branch="False" />
            <line number="315" hits="0" branch="False" />
            <line number="316" hits="0" branch="False" />
            <line number="317" hits="0" branch="False" />
            <line number="318" hits="0" branch="False" />
            <line number="319" hits="9" branch="False" />
            <line number="320" hits="18" branch="False" />
            <line number="322" hits="9" branch="False" />
            <line number="323" hits="9" branch="False" />
            <line number="324" hits="9" branch="False" />
            <line number="325" hits="9" branch="False" />
            <line number="326" hits="9" branch="False" />
            <line number="327" hits="9" branch="False" />
            <line number="328" hits="9" branch="False" />
            <line number="329" hits="18" branch="False" />
            <line number="330" hits="18" branch="False" />
            <line number="332" hits="9" branch="False" />
            <line number="334" hits="9" branch="False" />
            <line number="336" hits="9" branch="False" />
            <line number="338" hits="9" branch="False" />
            <line number="340" hits="9" branch="False" />
            <line number="341" hits="0" branch="False" />
            <line number="342" hits="0" branch="False" />
            <line number="343" hits="9" branch="False" />
            <line number="345" hits="9" branch="False" />
            <line number="349" hits="9" branch="False" />
            <line number="350" hits="9" branch="False" />
            <line number="351" hits="9" branch="False" />
            <line number="353" hits="9" branch="False" />
            <line number="354" hits="9" branch="False" />
            <line number="355" hits="9" branch="False" />
            <line number="356" hits="9" branch="False" />
            <line number="357" hits="9" branch="False" />
            <line number="359" hits="9" branch="False" />
            <line number="360" hits="9" branch="False" />
            <line number="361" hits="9" branch="False" />
            <line number="362" hits="9" branch="False" />
            <line number="363" hits="9" branch="False" />
            <line number="365" hits="9" branch="False" />
            <line number="366" hits="9" branch="False" />
            <line number="367" hits="34" branch="False" />
            <line number="368" hits="34" branch="False" />
            <line number="369" hits="34" branch="False" />
            <line number="370" hits="34" branch="False" />
            <line number="371" hits="9" branch="False" />
            <line number="372" hits="34" branch="False" />
            <line number="373" hits="34" branch="False" />
            <line number="374" hits="34" branch="False" />
            <line number="375" hits="34" branch="False" />
            <line number="376" hits="34" branch="False" />
            <line number="377" hits="43" branch="False" />
            <line number="379" hits="9" branch="True" condition-coverage="50% (1/2)">
              <conditions>
                <condition number="1272" type="jump" coverage="50%" />
              </conditions>
            </line>
            <line number="380" hits="0" branch="False" />
            <line number="381" hits="0" branch="False" />
            <line number="383" hits="0" branch="False" />
            <line number="384" hits="0" branch="False" />
            <line number="385" hits="0" branch="False" />
            <line number="386" hits="0" branch="False" />
            <line number="387" hits="0" branch="False" />
            <line number="388" hits="0" branch="False" />
            <line number="390" hits="9" branch="False" />
            <line number="391" hits="9" branch="False" />
            <line number="392" hits="9" branch="False" />
            <line number="393" hits="0" branch="False" />
            <line number="394" hits="0" branch="False" />
            <line number="395" hits="0" branch="False" />
            <line number="396" hits="9" branch="False" />
            <line number="397" hits="18" branch="False" />
            <line number="399" hits="9" branch="False" />
            <line number="401" hits="9" branch="False" />
            <line number="403" hits="9" branch="False" />
            <line number="404" hits="9" branch="False" />
            <line number="405" hits="9" branch="False" />
            <line number="406" hits="66" branch="False" />
            <line number="407" hits="66" branch="False" />
            <line number="408" hits="66" branch="False" />
            <line number="409" hits="66" branch="False" />
            <line number="410" hits="75" branch="False" />
            <line number="411" hits="18" branch="False" />
            <line number="413" hits="9" branch="False" />
            <line number="415" hits="9" branch="True" condition-coverage="100% (2/2)">
              <conditions>
                <condition number="1527" type="jump" coverage="100%" />
              </conditions>
            </line>
            <line number="416" hits="9" branch="False" />
            <line number="417" hits="9" branch="False" />
            <line number="418" hits="9" branch="False" />
            <line number="420" hits="9" branch="False" />
            <line number="422" hits="9" branch="False" />
            <line number="424" hits="9" branch="False" />
            <line number="426" hits="9" branch="False" />
            <line number="429" hits="9" branch="False" />
            <line number="431" hits="9" branch="False" />
            <line number="436" hits="9" branch="True" condition-coverage="50% (1/2)">
              <conditions>
                <condition number="1678" type="jump" coverage="50%" />
              </conditions>
            </line>
            <line number="437" hits="0" branch="False" />
            <line number="438" hits="0" branch="False" />
            <line number="439" hits="0" branch="False" />
            <line number="441" hits="0" branch="False" />
            <line number="442" hits="0" branch="False" />
            <line number="444" hits="0" branch="False" />
            <line number="446" hits="0" branch="False" />
            <line number="447" hits="0" branch="False" />
            <line number="449" hits="0" branch="False" />
            <line number="450" hits="0" branch="False" />
            <line number="452" hits="0" branch="False" />
            <line number="453" hits="0" branch="False" />
            <line number="454" hits="0" branch="False" />
            <line number="455" hits="0" branch="False" />
            <line number="457" hits="9" branch="False" />
          </lines>
        </class>
        <class name="GameStore.Api.Validators.Games.CreateGameRequestValidator" filename="GameStore.Api\Validators\Games\CreateGameRequestValidator.cs" line-rate="1" branch-rate="1" complexity="1">
          <methods>
            <method name=".ctor" signature="()" line-rate="1" branch-rate="1" complexity="1">
              <lines>
                <line number="9" hits="11" branch="False" />
                <line number="10" hits="11" branch="False" />
                <line number="11" hits="11" branch="False" />
                <line number="12" hits="11" branch="False" />
                <line number="13" hits="11" branch="False" />
                <line number="15" hits="11" branch="False" />
                <line number="16" hits="11" branch="False" />
                <line number="17" hits="11" branch="False" />
                <line number="19" hits="11" branch="False" />
                <line number="20" hits="11" branch="False" />
                <line number="22" hits="11" branch="False" />
                <line number="23" hits="11" branch="False" />
                <line number="24" hits="11" branch="False" />
              </lines>
            </method>
          </methods>
          <lines>
            <line number="9" hits="11" branch="False" />
            <line number="10" hits="11" branch="False" />
            <line number="11" hits="11" branch="False" />
            <line number="12" hits="11" branch="False" />
            <line number="13" hits="11" branch="False" />
            <line number="15" hits="11" branch="False" />
            <line number="16" hits="11" branch="False" />
            <line number="17" hits="11" branch="False" />
            <line number="19" hits="11" branch="False" />
            <line number="20" hits="11" branch="False" />
            <line number="22" hits="11" branch="False" />
            <line number="23" hits="11" branch="False" />
            <line number="24" hits="11" branch="False" />
          </lines>
        </class>
        <class name="GameStore.Api.Validators.Games.UpdateGameRequestValidator" filename="GameStore.Api\Validators\Games\UpdateGameRequestValidator.cs" line-rate="1" branch-rate="1" complexity="1">
          <methods>
            <method name=".ctor" signature="()" line-rate="1" branch-rate="1" complexity="1">
              <lines>
                <line number="9" hits="3" branch="False" />
                <line number="10" hits="3" branch="False" />
                <line number="11" hits="3" branch="False" />
                <line number="12" hits="3" branch="False" />
                <line number="13" hits="3" branch="False" />
                <line number="15" hits="3" branch="False" />
                <line number="16" hits="3" branch="False" />
                <line number="17" hits="3" branch="False" />
                <line number="19" hits="3" branch="False" />
                <line number="20" hits="3" branch="False" />
                <line number="22" hits="3" branch="False" />
                <line number="23" hits="3" branch="False" />
                <line number="24" hits="3" branch="False" />
              </lines>
            </method>
          </methods>
          <lines>
            <line number="9" hits="3" branch="False" />
            <line number="10" hits="3" branch="False" />
            <line number="11" hits="3" branch="False" />
            <line number="12" hits="3" branch="False" />
            <line number="13" hits="3" branch="False" />
            <line number="15" hits="3" branch="False" />
            <line number="16" hits="3" branch="False" />
            <line number="17" hits="3" branch="False" />
            <line number="19" hits="3" branch="False" />
            <line number="20" hits="3" branch="False" />
            <line number="22" hits="3" branch="False" />
            <line number="23" hits="3" branch="False" />
            <line number="24" hits="3" branch="False" />
          </lines>
        </class>
        <class name="GameStore.Api.Validators.Auth.LoginRequestValidator" filename="GameStore.Api\Validators\Auth\LoginRequestValidator.cs" line-rate="1" branch-rate="1" complexity="1">
          <methods>
            <method name=".ctor" signature="()" line-rate="1" branch-rate="1" complexity="1">
              <lines>
                <line number="9" hits="23" branch="False" />
                <line number="10" hits="23" branch="False" />
                <line number="11" hits="23" branch="False" />
                <line number="12" hits="23" branch="False" />
                <line number="13" hits="23" branch="False" />
                <line number="15" hits="23" branch="False" />
                <line number="16" hits="23" branch="False" />
                <line number="17" hits="23" branch="False" />
              </lines>
            </method>
          </methods>
          <lines>
            <line number="9" hits="23" branch="False" />
            <line number="10" hits="23" branch="False" />
            <line number="11" hits="23" branch="False" />
            <line number="12" hits="23" branch="False" />
            <line number="13" hits="23" branch="False" />
            <line number="15" hits="23" branch="False" />
            <line number="16" hits="23" branch="False" />
            <line number="17" hits="23" branch="False" />
          </lines>
        </class>
        <class name="GameStore.Api.Validators.Auth.RefreshTokenRequestValidator" filename="GameStore.Api\Validators\Auth\RefreshTokenRequestValidator.cs" line-rate="0" branch-rate="1" complexity="1">
          <methods>
            <method name=".ctor" signature="()" line-rate="0" branch-rate="1" complexity="1">
              <lines>
                <line number="9" hits="0" branch="False" />
                <line number="10" hits="0" branch="False" />
                <line number="11" hits="0" branch="False" />
                <line number="12" hits="0" branch="False" />
                <line number="13" hits="0" branch="False" />
              </lines>
            </method>
          </methods>
          <lines>
            <line number="9" hits="0" branch="False" />
            <line number="10" hits="0" branch="False" />
            <line number="11" hits="0" branch="False" />
            <line number="12" hits="0" branch="False" />
            <line number="13" hits="0" branch="False" />
          </lines>
        </class>
        <class name="GameStore.Api.Validators.Auth.RegisterRequestValidator" filename="GameStore.Api\Validators\Auth\RegisterRequestValidator.cs" line-rate="1" branch-rate="1" complexity="1">
          <methods>
            <method name=".ctor" signature="()" line-rate="1" branch-rate="1" complexity="1">
              <lines>
                <line number="9" hits="4" branch="False" />
                <line number="10" hits="4" branch="False" />
                <line number="11" hits="4" branch="False" />
                <line number="12" hits="4" branch="False" />
                <line number="13" hits="4" branch="False" />
                <line number="14" hits="4" branch="False" />
                <line number="16" hits="4" branch="False" />
                <line number="17" hits="4" branch="False" />
                <line number="18" hits="4" branch="False" />
                <line number="19" hits="4" branch="False" />
                <line number="21" hits="4" branch="False" />
                <line number="22" hits="4" branch="False" />
                <line number="23" hits="4" branch="False" />
                <line number="24" hits="4" branch="False" />
                <line number="25" hits="4" branch="False" />
                <line number="26" hits="4" branch="False" />
                <line number="27" hits="4" branch="False" />
                <line number="28" hits="4" branch="False" />
                <line number="29" hits="4" branch="False" />
                <line number="30" hits="4" branch="False" />
                <line number="31" hits="4" branch="False" />
                <line number="32" hits="4" branch="False" />
                <line number="33" hits="4" branch="False" />
                <line number="34" hits="4" branch="False" />
              </lines>
            </method>
          </methods>
          <lines>
            <line number="9" hits="4" branch="False" />
            <line number="10" hits="4" branch="False" />
            <line number="11" hits="4" branch="False" />
            <line number="12" hits="4" branch="False" />
            <line number="13" hits="4" branch="False" />
            <line number="14" hits="4" branch="False" />
            <line number="16" hits="4" branch="False" />
            <line number="17" hits="4" branch="False" />
            <line number="18" hits="4" branch="False" />
            <line number="19" hits="4" branch="False" />
            <line number="21" hits="4" branch="False" />
            <line number="22" hits="4" branch="False" />
            <line number="23" hits="4" branch="False" />
            <line number="24" hits="4" branch="False" />
            <line number="25" hits="4" branch="False" />
            <line number="26" hits="4" branch="False" />
            <line number="27" hits="4" branch="False" />
            <line number="28" hits="4" branch="False" />
            <line number="29" hits="4" branch="False" />
            <line number="30" hits="4" branch="False" />
            <line number="31" hits="4" branch="False" />
            <line number="32" hits="4" branch="False" />
            <line number="33" hits="4" branch="False" />
            <line number="34" hits="4" branch="False" />
          </lines>
        </class>
        <class name="GameStore.Api.Services.Auth.JwtTokenService" filename="GameStore.Api\Services\Auth\JwtTokenService.cs" line-rate="1" branch-rate="1" complexity="2">
          <methods>
            <method name="GenerateRefreshToken" signature="()" line-rate="1" branch-rate="1" complexity="1">
              <lines>
                <line number="150" hits="18" branch="False" />
                <line number="151" hits="18" branch="False" />
                <line number="153" hits="18" branch="False" />
                <line number="154" hits="18" branch="False" />
              </lines>
            </method>
            <method name=".ctor" signature="(Microsoft.Extensions.Options.IOptions`1&lt;GameStore.Api.Configuration.JwtSettings&gt;,Microsoft.AspNetCore.Identity.UserManager`1&lt;GameStore.Data.Entities.ApplicationUser&gt;,GameStore.Data.Contexts.ApplicationDbContext)" line-rate="1" branch-rate="1" complexity="1">
              <lines>
                <line number="22" hits="30" branch="False" />
                <line number="23" hits="30" branch="False" />
                <line number="24" hits="30" branch="False" />
                <line number="25" hits="30" branch="False" />
                <line number="26" hits="30" branch="False" />
                <line number="27" hits="30" branch="False" />
                <line number="28" hits="30" branch="False" />
                <line number="29" hits="30" branch="False" />
                <line number="30" hits="30" branch="False" />
              </lines>
            </method>
          </methods>
          <lines>
            <line number="150" hits="18" branch="False" />
            <line number="151" hits="18" branch="False" />
            <line number="153" hits="18" branch="False" />
            <line number="154" hits="18" branch="False" />
            <line number="22" hits="30" branch="False" />
            <line number="23" hits="30" branch="False" />
            <line number="24" hits="30" branch="False" />
            <line number="25" hits="30" branch="False" />
            <line number="26" hits="30" branch="False" />
            <line number="27" hits="30" branch="False" />
            <line number="28" hits="30" branch="False" />
            <line number="29" hits="30" branch="False" />
            <line number="30" hits="30" branch="False" />
          </lines>
        </class>
        <class name="GameStore.Api.Services.Auth.JwtTokenService/&lt;&gt;c" filename="GameStore.Api\Services\Auth\JwtTokenService.cs" line-rate="1" branch-rate="1" complexity="1">
          <methods>
            <method name="&lt;CreateTokensAsync&gt;b__4_0" signature="(System.String)" line-rate="1" branch-rate="1" complexity="1">
              <lines>
                <line number="46" hits="36" branch="False" />
              </lines>
            </method>
          </methods>
          <lines>
            <line number="46" hits="36" branch="False" />
          </lines>
        </class>
        <class name="GameStore.Api.Services.Auth.JwtTokenService/&lt;CreateTokensAsync&gt;d__4" filename="GameStore.Api\Services\Auth\JwtTokenService.cs" line-rate="1" branch-rate="1" complexity="1">
          <methods>
            <method name="MoveNext" signature="()" line-rate="1" branch-rate="1" complexity="1">
              <lines>
                <line number="34" hits="18" branch="False" />
                <line number="35" hits="18" branch="False" />
                <line number="37" hits="18" branch="False" />
                <line number="38" hits="18" branch="False" />
                <line number="39" hits="18" branch="False" />
                <line number="40" hits="18" branch="False" />
                <line number="41" hits="18" branch="False" />
                <line number="42" hits="18" branch="False" />
                <line number="43" hits="18" branch="False" />
                <line number="45" hits="18" branch="False" />
                <line number="48" hits="18" branch="False" />
                <line number="49" hits="18" branch="False" />
                <line number="51" hits="18" branch="False" />
                <line number="52" hits="18" branch="False" />
                <line number="53" hits="18" branch="False" />
                <line number="55" hits="18" branch="False" />
                <line number="56" hits="18" branch="False" />
                <line number="58" hits="18" branch="False" />
                <line number="59" hits="18" branch="False" />
                <line number="61" hits="18" branch="False" />
                <line number="62" hits="18" branch="False" />
                <line number="63" hits="18" branch="False" />
                <line number="64" hits="18" branch="False" />
                <line number="65" hits="18" branch="False" />
                <line number="66" hits="18" branch="False" />
                <line number="68" hits="18" branch="False" />
                <line number="69" hits="18" branch="False" />
                <line number="71" hits="18" branch="False" />
                <line number="73" hits="18" branch="False" />
                <line number="74" hits="18" branch="False" />
                <line number="75" hits="18" branch="False" />
                <line number="76" hits="18" branch="False" />
                <line number="77" hits="18" branch="False" />
                <line number="78" hits="18" branch="False" />
                <line number="79" hits="18" branch="False" />
                <line number="80" hits="18" branch="False" />
                <line number="82" hits="18" branch="False" />
                <line number="84" hits="18" branch="False" />
                <line number="86" hits="18" branch="False" />
                <line number="87" hits="18" branch="False" />
                <line number="88" hits="18" branch="False" />
                <line number="89" hits="18" branch="False" />
                <line number="90" hits="18" branch="False" />
                <line number="91" hits="18" branch="False" />
                <line number="92" hits="18" branch="False" />
                <line number="93" hits="18" branch="False" />
              </lines>
            </method>
          </methods>
          <lines>
            <line number="34" hits="18" branch="False" />
            <line number="35" hits="18" branch="False" />
            <line number="37" hits="18" branch="False" />
            <line number="38" hits="18" branch="False" />
            <line number="39" hits="18" branch="False" />
            <line number="40" hits="18" branch="False" />
            <line number="41" hits="18" branch="False" />
            <line number="42" hits="18" branch="False" />
            <line number="43" hits="18" branch="False" />
            <line number="45" hits="18" branch="False" />
            <line number="48" hits="18" branch="False" />
            <line number="49" hits="18" branch="False" />
            <line number="51" hits="18" branch="False" />
            <line number="52" hits="18" branch="False" />
            <line number="53" hits="18" branch="False" />
            <line number="55" hits="18" branch="False" />
            <line number="56" hits="18" branch="False" />
            <line number="58" hits="18" branch="False" />
            <line number="59" hits="18" branch="False" />
            <line number="61" hits="18" branch="False" />
            <line number="62" hits="18" branch="False" />
            <line number="63" hits="18" branch="False" />
            <line number="64" hits="18" branch="False" />
            <line number="65" hits="18" branch="False" />
            <line number="66" hits="18" branch="False" />
            <line number="68" hits="18" branch="False" />
            <line number="69" hits="18" branch="False" />
            <line number="71" hits="18" branch="False" />
            <line number="73" hits="18" branch="False" />
            <line number="74" hits="18" branch="False" />
            <line number="75" hits="18" branch="False" />
            <line number="76" hits="18" branch="False" />
            <line number="77" hits="18" branch="False" />
            <line number="78" hits="18" branch="False" />
            <line number="79" hits="18" branch="False" />
            <line number="80" hits="18" branch="False" />
            <line number="82" hits="18" branch="False" />
            <line number="84" hits="18" branch="False" />
            <line number="86" hits="18" branch="False" />
            <line number="87" hits="18" branch="False" />
            <line number="88" hits="18" branch="False" />
            <line number="89" hits="18" branch="False" />
            <line number="90" hits="18" branch="False" />
            <line number="91" hits="18" branch="False" />
            <line number="92" hits="18" branch="False" />
            <line number="93" hits="18" branch="False" />
          </lines>
        </class>
        <class name="GameStore.Api.Services.Auth.JwtTokenService/&lt;RefreshTokenAsync&gt;d__5" filename="GameStore.Api\Services\Auth\JwtTokenService.cs" line-rate="0.7" branch-rate="0.5" complexity="6">
          <methods>
            <method name="MoveNext" signature="()" line-rate="0.7" branch-rate="0.5" complexity="6">
              <lines>
                <line number="98" hits="1" branch="False" />
                <line number="99" hits="1" branch="False" />
                <line number="100" hits="1" branch="False" />
                <line number="101" hits="1" branch="False" />
                <line number="102" hits="1" branch="False" />
                <line number="103" hits="1" branch="False" />
                <line number="105" hits="1" branch="True" condition-coverage="50% (1/2)">
                  <conditions>
                    <condition number="390" type="jump" coverage="50%" />
                  </conditions>
                </line>
                <line number="106" hits="0" branch="False" />
                <line number="107" hits="0" branch="False" />
                <line number="110" hits="1" branch="True" condition-coverage="50% (1/2)">
                  <conditions>
                    <condition number="415" type="jump" coverage="50%" />
                  </conditions>
                </line>
                <line number="111" hits="0" branch="False" />
                <line number="112" hits="0" branch="False" />
                <line number="115" hits="1" branch="True" condition-coverage="50% (1/2)">
                  <conditions>
                    <condition number="450" type="jump" coverage="50%" />
                  </conditions>
                </line>
                <line number="116" hits="0" branch="False" />
                <line number="117" hits="0" branch="False" />
                <line number="120" hits="1" branch="False" />
                <line number="122" hits="1" branch="False" />
                <line number="124" hits="1" branch="False" />
                <line number="126" hits="1" branch="False" />
                <line number="127" hits="1" branch="False" />
              </lines>
            </method>
          </methods>
          <lines>
            <line number="98" hits="1" branch="False" />
            <line number="99" hits="1" branch="False" />
            <line number="100" hits="1" branch="False" />
            <line number="101" hits="1" branch="False" />
            <line number="102" hits="1" branch="False" />
            <line number="103" hits="1" branch="False" />
            <line number="105" hits="1" branch="True" condition-coverage="50% (1/2)">
              <conditions>
                <condition number="390" type="jump" coverage="50%" />
              </conditions>
            </line>
            <line number="106" hits="0" branch="False" />
            <line number="107" hits="0" branch="False" />
            <line number="110" hits="1" branch="True" condition-coverage="50% (1/2)">
              <conditions>
                <condition number="415" type="jump" coverage="50%" />
              </conditions>
            </line>
            <line number="111" hits="0" branch="False" />
            <line number="112" hits="0" branch="False" />
            <line number="115" hits="1" branch="True" condition-coverage="50% (1/2)">
              <conditions>
                <condition number="450" type="jump" coverage="50%" />
              </conditions>
            </line>
            <line number="116" hits="0" branch="False" />
            <line number="117" hits="0" branch="False" />
            <line number="120" hits="1" branch="False" />
            <line number="122" hits="1" branch="False" />
            <line number="124" hits="1" branch="False" />
            <line number="126" hits="1" branch="False" />
            <line number="127" hits="1" branch="False" />
          </lines>
        </class>
        <class name="GameStore.Api.Services.Auth.JwtTokenService/&lt;RevokeRefreshTokenAsync&gt;d__6" filename="GameStore.Api\Services\Auth\JwtTokenService.cs" line-rate="0.8332999999999999" branch-rate="0.5" complexity="2">
          <methods>
            <method name="MoveNext" signature="()" line-rate="0.8332999999999999" branch-rate="0.5" complexity="2">
              <lines>
                <line number="131" hits="1" branch="False" />
                <line number="132" hits="1" branch="False" />
                <line number="133" hits="1" branch="False" />
                <line number="134" hits="1" branch="False" />
                <line number="135" hits="1" branch="False" />
                <line number="137" hits="1" branch="True" condition-coverage="50% (1/2)">
                  <conditions>
                    <condition number="313" type="jump" coverage="50%" />
                  </conditions>
                </line>
                <line number="138" hits="0" branch="False" />
                <line number="139" hits="0" branch="False" />
                <line number="142" hits="1" branch="False" />
                <line number="144" hits="1" branch="False" />
                <line number="146" hits="1" branch="False" />
                <line number="147" hits="1" branch="False" />
              </lines>
            </method>
          </methods>
          <lines>
            <line number="131" hits="1" branch="False" />
            <line number="132" hits="1" branch="False" />
            <line number="133" hits="1" branch="False" />
            <line number="134" hits="1" branch="False" />
            <line number="135" hits="1" branch="False" />
            <line number="137" hits="1" branch="True" condition-coverage="50% (1/2)">
              <conditions>
                <condition number="313" type="jump" coverage="50%" />
              </conditions>
            </line>
            <line number="138" hits="0" branch="False" />
            <line number="139" hits="0" branch="False" />
            <line number="142" hits="1" branch="False" />
            <line number="144" hits="1" branch="False" />
            <line number="146" hits="1" branch="False" />
            <line number="147" hits="1" branch="False" />
          </lines>
        </class>
        <class name="GameStore.Api.Services.Auth.TokenResult" filename="GameStore.Api\Services\Auth\TokenResult.cs" line-rate="1" branch-rate="1" complexity="4">
          <methods>
            <method name="get_AccessToken" signature="()" line-rate="1" branch-rate="1" complexity="1">
              <lines>
                <line number="8" hits="54" branch="False" />
              </lines>
            </method>
            <method name="get_RefreshToken" signature="()" line-rate="1" branch-rate="1" complexity="1">
              <lines>
                <line number="11" hits="54" branch="False" />
              </lines>
            </method>
            <method name="get_ExpiresAtUtc" signature="()" line-rate="1" branch-rate="1" complexity="1">
              <lines>
                <line number="14" hits="54" branch="False" />
              </lines>
            </method>
            <method name="get_User" signature="()" line-rate="1" branch-rate="1" complexity="1">
              <lines>
                <line number="17" hits="37" branch="False" />
              </lines>
            </method>
          </methods>
          <lines>
            <line number="8" hits="54" branch="False" />
            <line number="11" hits="54" branch="False" />
            <line number="14" hits="54" branch="False" />
            <line number="17" hits="37" branch="False" />
          </lines>
        </class>
        <class name="GameStore.Api.Middleware.CorrelationIdMiddleware" filename="GameStore.Api\Middleware\CorrelationIdMiddleware.cs" line-rate="1" branch-rate="1" complexity="1">
          <methods>
            <method name=".ctor" signature="(Microsoft.AspNetCore.Http.RequestDelegate)" line-rate="1" branch-rate="1" complexity="1">
              <lines>
                <line number="12" hits="9" branch="False" />
                <line number="13" hits="9" branch="False" />
                <line number="14" hits="9" branch="False" />
                <line number="15" hits="9" branch="False" />
                <line number="16" hits="9" branch="False" />
              </lines>
            </method>
          </methods>
          <lines>
            <line number="12" hits="9" branch="False" />
            <line number="13" hits="9" branch="False" />
            <line number="14" hits="9" branch="False" />
            <line number="15" hits="9" branch="False" />
            <line number="16" hits="9" branch="False" />
          </lines>
        </class>
        <class name="GameStore.Api.Middleware.CorrelationIdMiddleware/&lt;InvokeAsync&gt;d__3" filename="GameStore.Api\Middleware\CorrelationIdMiddleware.cs" line-rate="1" branch-rate="1" complexity="2">
          <methods>
            <method name="MoveNext" signature="()" line-rate="1" branch-rate="1" complexity="2">
              <lines>
                <line number="20" hits="66" branch="False" />
                <line number="21" hits="66" branch="True" condition-coverage="100% (2/2)">
                  <conditions>
                    <condition number="53" type="jump" coverage="100%" />
                  </conditions>
                </line>
                <line number="22" hits="66" branch="False" />
                <line number="23" hits="66" branch="False" />
                <line number="24" hits="66" branch="False" />
                <line number="26" hits="66" branch="False" />
                <line number="27" hits="66" branch="False" />
                <line number="29" hits="66" branch="False" />
                <line number="30" hits="66" branch="False" />
                <line number="31" hits="66" branch="False" />
                <line number="32" hits="66" branch="False" />
                <line number="33" hits="66" branch="False" />
                <line number="34" hits="66" branch="False" />
                <line number="36" hits="66" branch="False" />
                <line number="37" hits="61" branch="False" />
                <line number="38" hits="61" branch="False" />
              </lines>
            </method>
          </methods>
          <lines>
            <line number="20" hits="66" branch="False" />
            <line number="21" hits="66" branch="True" condition-coverage="100% (2/2)">
              <conditions>
                <condition number="53" type="jump" coverage="100%" />
              </conditions>
            </line>
            <line number="22" hits="66" branch="False" />
            <line number="23" hits="66" branch="False" />
            <line number="24" hits="66" branch="False" />
            <line number="26" hits="66" branch="False" />
            <line number="27" hits="66" branch="False" />
            <line number="29" hits="66" branch="False" />
            <line number="30" hits="66" branch="False" />
            <line number="31" hits="66" branch="False" />
            <line number="32" hits="66" branch="False" />
            <line number="33" hits="66" branch="False" />
            <line number="34" hits="66" branch="False" />
            <line number="36" hits="66" branch="False" />
            <line number="37" hits="61" branch="False" />
            <line number="38" hits="61" branch="False" />
          </lines>
        </class>
        <class name="GameStore.Api.Middleware.SecurityHeadersMiddleware" filename="GameStore.Api\Middleware\SecurityHeadersMiddleware.cs" line-rate="1" branch-rate="1" complexity="1">
          <methods>
            <method name=".ctor" signature="(Microsoft.AspNetCore.Http.RequestDelegate)" line-rate="1" branch-rate="1" complexity="1">
              <lines>
                <line number="7" hits="9" branch="False" />
                <line number="8" hits="9" branch="False" />
                <line number="9" hits="9" branch="False" />
                <line number="10" hits="9" branch="False" />
                <line number="11" hits="9" branch="False" />
              </lines>
            </method>
          </methods>
          <lines>
            <line number="7" hits="9" branch="False" />
            <line number="8" hits="9" branch="False" />
            <line number="9" hits="9" branch="False" />
            <line number="10" hits="9" branch="False" />
            <line number="11" hits="9" branch="False" />
          </lines>
        </class>
        <class name="GameStore.Api.Middleware.SecurityHeadersMiddleware/&lt;InvokeAsync&gt;d__2" filename="GameStore.Api\Middleware\SecurityHeadersMiddleware.cs" line-rate="1" branch-rate="1" complexity="1">
          <methods>
            <method name="MoveNext" signature="()" line-rate="1" branch-rate="1" complexity="1">
              <lines>
                <line number="15" hits="66" branch="False" />
                <line number="16" hits="66" branch="False" />
                <line number="17" hits="66" branch="False" />
                <line number="18" hits="66" branch="False" />
                <line number="20" hits="66" branch="False" />
                <line number="21" hits="66" branch="False" />
                <line number="22" hits="66" branch="False" />
                <line number="24" hits="66" branch="False" />
                <line number="25" hits="66" branch="False" />
                <line number="26" hits="66" branch="False" />
                <line number="28" hits="66" branch="False" />
                <line number="29" hits="66" branch="False" />
                <line number="30" hits="66" branch="False" />
                <line number="32" hits="66" branch="False" />
                <line number="33" hits="66" branch="False" />
                <line number="34" hits="66" branch="False" />
                <line number="35" hits="66" branch="False" />
                <line number="37" hits="66" branch="False" />
                <line number="38" hits="66" branch="False" />
                <line number="39" hits="66" branch="False" />
                <line number="40" hits="66" branch="False" />
                <line number="41" hits="66" branch="False" />
                <line number="42" hits="66" branch="False" />
                <line number="43" hits="66" branch="False" />
                <line number="45" hits="66" branch="False" />
                <line number="46" hits="61" branch="False" />
              </lines>
            </method>
          </methods>
          <lines>
            <line number="15" hits="66" branch="False" />
            <line number="16" hits="66" branch="False" />
            <line number="17" hits="66" branch="False" />
            <line number="18" hits="66" branch="False" />
            <line number="20" hits="66" branch="False" />
            <line number="21" hits="66" branch="False" />
            <line number="22" hits="66" branch="False" />
            <line number="24" hits="66" branch="False" />
            <line number="25" hits="66" branch="False" />
            <line number="26" hits="66" branch="False" />
            <line number="28" hits="66" branch="False" />
            <line number="29" hits="66" branch="False" />
            <line number="30" hits="66" branch="False" />
            <line number="32" hits="66" branch="False" />
            <line number="33" hits="66" branch="False" />
            <line number="34" hits="66" branch="False" />
            <line number="35" hits="66" branch="False" />
            <line number="37" hits="66" branch="False" />
            <line number="38" hits="66" branch="False" />
            <line number="39" hits="66" branch="False" />
            <line number="40" hits="66" branch="False" />
[...]
              <lines>
                <line number="15" hits="21" branch="False" />
              </lines>
            </method>
          </methods>
          <lines>
            <line number="5" hits="38" branch="False" />
            <line number="7" hits="19" branch="False" />
            <line number="9" hits="3" branch="False" />
            <line number="11" hits="2" branch="False" />
            <line number="13" hits="38" branch="False" />
            <line number="15" hits="21" branch="False" />
          </lines>
        </class>
        <class name="GameStore.Data.Entities.Review" filename="GameStore.Data\Entities\Review.cs" line-rate="0" branch-rate="1" complexity="6">
          <methods>
            <method name="get_Rating" signature="()" line-rate="0" branch-rate="1" complexity="1">
              <lines>
                <line number="5" hits="0" branch="False" />
              </lines>
            </method>
            <method name="get_Comment" signature="()" line-rate="0" branch-rate="1" complexity="1">
              <lines>
                <line number="7" hits="0" branch="False" />
              </lines>
            </method>
            <method name="get_GameId" signature="()" line-rate="0" branch-rate="1" complexity="1">
              <lines>
                <line number="10" hits="0" branch="False" />
              </lines>
            </method>
            <method name="get_UserId" signature="()" line-rate="0" branch-rate="1" complexity="1">
              <lines>
                <line number="12" hits="0" branch="False" />
              </lines>
            </method>
            <method name="get_Game" signature="()" line-rate="0" branch-rate="1" complexity="1">
              <lines>
                <line number="15" hits="0" branch="False" />
              </lines>
            </method>
            <method name="get_User" signature="()" line-rate="0" branch-rate="1" complexity="1">
              <lines>
                <line number="17" hits="0" branch="False" />
              </lines>
            </method>
          </methods>
          <lines>
            <line number="5" hits="0" branch="False" />
            <line number="7" hits="0" branch="False" />
            <line number="10" hits="0" branch="False" />
            <line number="12" hits="0" branch="False" />
            <line number="15" hits="0" branch="False" />
            <line number="17" hits="0" branch="False" />
          </lines>
        </class>
        <class name="GameStore.Data.Entities.WishlistItem" filename="GameStore.Data\Entities\WishlistItem.cs" line-rate="0" branch-rate="1" complexity="4">
          <methods>
            <method name="get_GameId" signature="()" line-rate="0" branch-rate="1" complexity="1">
              <lines>
                <line number="6" hits="0" branch="False" />
              </lines>
            </method>
            <method name="get_UserId" signature="()" line-rate="0" branch-rate="1" complexity="1">
              <lines>
                <line number="8" hits="0" branch="False" />
              </lines>
            </method>
            <method name="get_Game" signature="()" line-rate="0" branch-rate="1" complexity="1">
              <lines>
                <line number="11" hits="0" branch="False" />
              </lines>
            </method>
            <method name="get_User" signature="()" line-rate="0" branch-rate="1" complexity="1">
              <lines>
                <line number="13" hits="0" branch="False" />
              </lines>
            </method>
          </methods>
          <lines>
            <line number="6" hits="0" branch="False" />
            <line number="8" hits="0" branch="False" />
            <line number="11" hits="0" branch="False" />
            <line number="13" hits="0" branch="False" />
          </lines>
        </class>
        <class name="GameStore.Data.Contexts.ApplicationDbContext" filename="GameStore.Data\Contexts\ApplicationDbContext.cs" line-rate="0.9821" branch-rate="1" complexity="12">
          <methods>
            <method name="get_Games" signature="()" line-rate="1" branch-rate="1" complexity="1">
              <lines>
                <line number="16" hits="21" branch="False" />
              </lines>
            </method>
            <method name="get_Genres" signature="()" line-rate="1" branch-rate="1" complexity="1">
              <lines>
                <line number="18" hits="37" branch="False" />
              </lines>
            </method>
            <method name="get_Reviews" signature="()" line-rate="0" branch-rate="1" complexity="1">
              <lines>
                <line number="20" hits="0" branch="False" />
              </lines>
            </method>
            <method name="get_WishlistItems" signature="()" line-rate="0" branch-rate="1" complexity="1">
              <lines>
                <line number="22" hits="0" branch="False" />
              </lines>
            </method>
            <method name="get_RefreshTokens" signature="()" line-rate="1" branch-rate="1" complexity="1">
              <lines>
                <line number="24" hits="20" branch="False" />
              </lines>
            </method>
            <method name="OnModelCreating" signature="(Microsoft.EntityFrameworkCore.ModelBuilder)" line-rate="1" branch-rate="1" complexity="1">
              <lines>
                <line number="27" hits="2" branch="False" />
                <line number="28" hits="2" branch="False" />
                <line number="30" hits="2" branch="False" />
                <line number="32" hits="2" branch="False" />
                <line number="34" hits="2" branch="False" />
                <line number="36" hits="2" branch="False" />
                <line number="38" hits="2" branch="False" />
                <line number="40" hits="2" branch="False" />
                <line number="41" hits="2" branch="False" />
              </lines>
            </method>
            <method name="ApplyGameConfiguration" signature="(Microsoft.EntityFrameworkCore.ModelBuilder)" line-rate="1" branch-rate="1" complexity="1">
              <lines>
                <line number="44" hits="2" branch="False" />
                <line number="45" hits="2" branch="False" />
                <line number="46" hits="2" branch="False" />
                <line number="47" hits="2" branch="False" />
                <line number="48" hits="2" branch="False" />
                <line number="49" hits="2" branch="False" />
                <line number="50" hits="2" branch="False" />
                <line number="51" hits="2" branch="False" />
                <line number="52" hits="2" branch="False" />
                <line number="53" hits="2" branch="False" />
                <line number="54" hits="2" branch="False" />
                <line number="55" hits="2" branch="False" />
                <line number="56" hits="2" branch="False" />
                <line number="57" hits="2" branch="False" />
                <line number="58" hits="2" branch="False" />
                <line number="59" hits="2" branch="False" />
                <line number="60" hits="2" branch="False" />
                <line number="61" hits="2" branch="False" />
                <line number="62" hits="2" branch="False" />
                <line number="63" hits="2" branch="False" />
                <line number="64" hits="2" branch="False" />
                <line number="65" hits="2" branch="False" />
                <line number="66" hits="2" branch="False" />
                <line number="67" hits="4" branch="False" />
                <line number="68" hits="2" branch="False" />
              </lines>
            </method>
            <method name="ApplyGenreConfiguration" signature="(Microsoft.EntityFrameworkCore.ModelBuilder)" line-rate="1" branch-rate="1" complexity="1">
              <lines>
                <line number="71" hits="2" branch="False" />
                <line number="72" hits="2" branch="False" />
                <line number="73" hits="2" branch="False" />
                <line number="74" hits="2" branch="False" />
                <line number="75" hits="2" branch="False" />
                <line number="76" hits="2" branch="False" />
                <line number="77" hits="2" branch="False" />
                <line number="78" hits="2" branch="False" />
                <line number="79" hits="2" branch="False" />
                <line number="80" hits="4" branch="False" />
                <line number="81" hits="2" branch="False" />
              </lines>
            </method>
            <method name="ApplyReviewConfiguration" signature="(Microsoft.EntityFrameworkCore.ModelBuilder)" line-rate="1" branch-rate="1" complexity="1">
              <lines>
                <line number="84" hits="2" branch="False" />
                <line number="85" hits="2" branch="False" />
                <line number="86" hits="2" branch="False" />
                <line number="87" hits="2" branch="False" />
                <line number="88" hits="2" branch="False" />
                <line number="89" hits="2" branch="False" />
                <line number="90" hits="2" branch="False" />
                <line number="91" hits="2" branch="False" />
                <line number="92" hits="2" branch="False" />
                <line number="93" hits="2" branch="False" />
                <line number="94" hits="2" branch="False" />
                <line number="95" hits="2" branch="False" />
                <line number="96" hits="2" branch="False" />
                <line number="97" hits="2" branch="False" />
                <line number="98" hits="2" branch="False" />
                <line number="99" hits="2" branch="False" />
                <line number="100" hits="2" branch="False" />
                <line number="101" hits="2" branch="False" />
                <line number="102" hits="2" branch="False" />
                <line number="103" hits="2" branch="False" />
                <line number="104" hits="2" branch="False" />
                <line number="105" hits="4" branch="False" />
                <line number="106" hits="2" branch="False" />
              </lines>
            </method>
            <method name="ApplyWishlistConfiguration" signature="(Microsoft.EntityFrameworkCore.ModelBuilder)" line-rate="1" branch-rate="1" complexity="1">
              <lines>
                <line number="109" hits="2" branch="False" />
                <line number="110" hits="2" branch="False" />
                <line number="111" hits="2" branch="False" />
                <line number="112" hits="2" branch="False" />
                <line number="113" hits="2" branch="False" />
                <line number="114" hits="2" branch="False" />
                <line number="115" hits="2" branch="False" />
                <line number="116" hits="2" branch="False" />
                <line number="117" hits="2" branch="False" />
                <line number="118" hits="2" branch="False" />
                <line number="119" hits="2" branch="False" />
                <line number="120" hits="2" branch="False" />
                <line number="121" hits="2" branch="False" />
                <line number="122" hits="2" branch="False" />
                <line number="123" hits="2" branch="False" />
                <line number="124" hits="2" branch="False" />
                <line number="125" hits="2" branch="False" />
                <line number="126" hits="2" branch="False" />
                <line number="127" hits="4" branch="False" />
                <line number="128" hits="2" branch="False" />
              </lines>
            </method>
            <method name="ApplyRefreshTokenConfiguration" signature="(Microsoft.EntityFrameworkCore.ModelBuilder)" line-rate="1" branch-rate="1" complexity="1">
              <lines>
                <line number="131" hits="2" branch="False" />
                <line number="132" hits="2" branch="False" />
                <line number="133" hits="2" branch="False" />
                <line number="134" hits="2" branch="False" />
                <line number="135" hits="2" branch="False" />
                <line number="136" hits="2" branch="False" />
                <line number="137" hits="2" branch="False" />
                <line number="138" hits="2" branch="False" />
                <line number="139" hits="2" branch="False" />
                <line number="140" hits="2" branch="False" />
                <line number="141" hits="2" branch="False" />
                <line number="142" hits="2" branch="False" />
                <line number="143" hits="2" branch="False" />
                <line number="144" hits="2" branch="False" />
                <line number="145" hits="4" branch="False" />
                <line number="146" hits="2" branch="False" />
              </lines>
            </method>
            <method name=".ctor" signature="(Microsoft.EntityFrameworkCore.DbContextOptions`1&lt;GameStore.Data.Contexts.ApplicationDbContext&gt;)" line-rate="1" branch-rate="1" complexity="1">
              <lines>
                <line number="12" hits="78" branch="False" />
                <line number="13" hits="78" branch="False" />
                <line number="14" hits="78" branch="False" />
              </lines>
            </method>
          </methods>
          <lines>
            <line number="16" hits="21" branch="False" />
            <line number="18" hits="37" branch="False" />
            <line number="20" hits="0" branch="False" />
            <line number="22" hits="0" branch="False" />
            <line number="24" hits="20" branch="False" />
            <line number="27" hits="2" branch="False" />
            <line number="28" hits="2" branch="False" />
            <line number="30" hits="2" branch="False" />
            <line number="32" hits="2" branch="False" />
            <line number="34" hits="2" branch="False" />
            <line number="36" hits="2" branch="False" />
            <line number="38" hits="2" branch="False" />
            <line number="40" hits="2" branch="False" />
            <line number="41" hits="2" branch="False" />
            <line number="44" hits="2" branch="False" />
            <line number="45" hits="2" branch="False" />
            <line number="46" hits="2" branch="False" />
            <line number="47" hits="2" branch="False" />
            <line number="48" hits="2" branch="False" />
            <line number="49" hits="2" branch="False" />
            <line number="50" hits="2" branch="False" />
            <line number="51" hits="2" branch="False" />
            <line number="52" hits="2" branch="False" />
            <line number="53" hits="2" branch="False" />
            <line number="54" hits="2" branch="False" />
            <line number="55" hits="2" branch="False" />
            <line number="56" hits="2" branch="False" />
            <line number="57" hits="2" branch="False" />
            <line number="58" hits="2" branch="False" />
            <line number="59" hits="2" branch="False" />
            <line number="60" hits="2" branch="False" />
            <line number="61" hits="2" branch="False" />
            <line number="62" hits="2" branch="False" />
            <line number="63" hits="2" branch="False" />
            <line number="64" hits="2" branch="False" />
            <line number="65" hits="2" branch="False" />
            <line number="66" hits="2" branch="False" />
            <line number="67" hits="4" branch="False" />
            <line number="68" hits="2" branch="False" />
            <line number="71" hits="2" branch="False" />
            <line number="72" hits="2" branch="False" />
            <line number="73" hits="2" branch="False" />
            <line number="74" hits="2" branch="False" />
            <line number="75" hits="2" branch="False" />
            <line number="76" hits="2" branch="False" />
            <line number="77" hits="2" branch="False" />
            <line number="78" hits="2" branch="False" />
            <line number="79" hits="2" branch="False" />
            <line number="80" hits="4" branch="False" />
            <line number="81" hits="2" branch="False" />
            <line number="84" hits="2" branch="False" />
            <line number="85" hits="2" branch="False" />
            <line number="86" hits="2" branch="False" />
            <line number="87" hits="2" branch="False" />
            <line number="88" hits="2" branch="False" />
            <line number="89" hits="2" branch="False" />
            <line number="90" hits="2" branch="False" />
            <line number="91" hits="2" branch="False" />
            <line number="92" hits="2" branch="False" />
            <line number="93" hits="2" branch="False" />
            <line number="94" hits="2" branch="False" />
            <line number="95" hits="2" branch="False" />
            <line number="96" hits="2" branch="False" />
            <line number="97" hits="2" branch="False" />
            <line number="98" hits="2" branch="False" />
            <line number="99" hits="2" branch="False" />
            <line number="100" hits="2" branch="False" />
            <line number="101" hits="2" branch="False" />
            <line number="102" hits="2" branch="False" />
            <line number="103" hits="2" branch="False" />
            <line number="104" hits="2" branch="False" />
            <line number="105" hits="4" branch="False" />
            <line number="106" hits="2" branch="False" />
            <line number="109" hits="2" branch="False" />
            <line number="110" hits="2" branch="False" />
            <line number="111" hits="2" branch="False" />
            <line number="112" hits="2" branch="False" />
            <line number="113" hits="2" branch="False" />
            <line number="114" hits="2" branch="False" />
            <line number="115" hits="2" branch="False" />
            <line number="116" hits="2" branch="False" />
            <line number="117" hits="2" branch="False" />
            <line number="118" hits="2" branch="False" />
            <line number="119" hits="2" branch="False" />
            <line number="120" hits="2" branch="False" />
            <line number="121" hits="2" branch="False" />
            <line number="122" hits="2" branch="False" />
            <line number="123" hits="2" branch="False" />
            <line number="124" hits="2" branch="False" />
            <line number="125" hits="2" branch="False" />
            <line number="126" hits="2" branch="False" />
            <line number="127" hits="4" branch="False" />
            <line number="128" hits="2" branch="False" />
            <line number="131" hits="2" branch="False" />
            <line number="132" hits="2" branch="False" />
            <line number="133" hits="2" branch="False" />
            <line number="134" hits="2" branch="False" />
            <line number="135" hits="2" branch="False" />
            <line number="136" hits="2" branch="False" />
            <line number="137" hits="2" branch="False" />
            <line number="138" hits="2" branch="False" />
            <line number="139" hits="2" branch="False" />
            <line number="140" hits="2" branch="False" />
            <line number="141" hits="2" branch="False" />
            <line number="142" hits="2" branch="False" />
            <line number="143" hits="2" branch="False" />
            <line number="144" hits="2" branch="False" />
            <line number="145" hits="4" branch="False" />
            <line number="146" hits="2" branch="False" />
            <line number="12" hits="78" branch="False" />
            <line number="13" hits="78" branch="False" />
            <line number="14" hits="78" branch="False" />
          </lines>
        </class>
      </classes>
    </package>
  </packages>
</coverage>